2022-06-10 09:04:10,692 INFO client.py Запущен клиент, сервер: 127.0.0.1, порт: 7777, пользователь: User2.
2022-06-10 09:04:10,692 DEBUG client.py Сформировано presence-сообщение от пользователя User2: {'action': 'presence', 'time': 1654815850.6927576, 'type': 'status', 'user': {'account_name': 'User2', 'status': 'Hi, I am here!'}}
2022-06-10 09:04:10,693 INFO client.py Presence-сообщение отправлено на сервер 127.0.0.1.
2022-06-10 09:04:10,693 INFO client.py Запущен клиент, сервер: 127.0.0.1, порт: 7777, пользователь: User3.
2022-06-10 09:04:10,693 DEBUG client.py Сформировано presence-сообщение от пользователя User3: {'action': 'presence', 'time': 1654815850.6937644, 'type': 'status', 'user': {'account_name': 'User3', 'status': 'Hi, I am here!'}}
2022-06-10 09:04:10,694 INFO client.py Presence-сообщение отправлено на сервер 127.0.0.1.
2022-06-10 09:04:10,694 DEBUG client.py Разбор ответа от сервера: {'response': 200, 'time': 1654815850.6947556, 'alert': 'Ok, I see you!'}
2022-06-10 09:04:10,694 INFO client.py Статус ответа с сервера: 200
2022-06-10 09:04:10,694 INFO client.py Клиент User2 установил соединение с сервером.
2022-06-10 09:04:10,695 INFO client.py Запущен клиент, сервер: 127.0.0.1, порт: 7777, пользователь: User1.
2022-06-10 09:04:10,695 DEBUG client.py Запущены процессы приема и отправки сообщений.
2022-06-10 09:04:10,695 DEBUG client.py Сформировано presence-сообщение от пользователя User1: {'action': 'presence', 'time': 1654815850.6957548, 'type': 'status', 'user': {'account_name': 'User1', 'status': 'Hi, I am here!'}}
2022-06-10 09:04:10,696 INFO client.py Presence-сообщение отправлено на сервер 127.0.0.1.
2022-06-10 09:04:10,696 DEBUG client.py Разбор ответа от сервера: {'response': 200, 'time': 1654815850.696754, 'alert': 'Ok, I see you!'}
2022-06-10 09:04:10,696 INFO client.py Статус ответа с сервера: 200
2022-06-10 09:04:10,696 INFO client.py Клиент User3 установил соединение с сервером.
2022-06-10 09:04:10,697 DEBUG client.py Запущены процессы приема и отправки сообщений.
2022-06-10 09:04:11,211 DEBUG client.py Разбор ответа от сервера: {'response': 200, 'time': 1654815851.21072, 'alert': 'Ok, I see you!'}
2022-06-10 09:04:11,211 INFO client.py Статус ответа с сервера: 200
2022-06-10 09:04:11,212 INFO client.py Клиент User1 установил соединение с сервером.
2022-06-10 09:04:11,216 DEBUG client.py Запущены процессы приема и отправки сообщений.
2022-06-10 09:05:23,897 DEBUG client.py Сформирован словарь сообщения: {'action': 'message', 'from': 'User1', 'to': 'User2', 'time': 1654815923.897842, 'message_text': 'testteset'}
2022-06-10 09:05:23,898 INFO client.py Отправлено сообщение для пользователя User2.
2022-06-10 09:05:24,183 INFO client.py Получено сообщение от пользователя User1:
testteset
2022-06-10 09:05:54,873 DEBUG client.py Сформирован словарь сообщения: {'action': 'message', 'from': 'User3', 'to': 'User1', 'time': 1654815954.8738744, 'message_text': 'test'}
2022-06-10 09:05:54,873 INFO client.py Отправлено сообщение для пользователя User1.
2022-06-10 09:05:55,340 INFO client.py Получено сообщение от пользователя User3:
test
2022-06-10 09:06:11,114 DEBUG client.py Сформирован словарь сообщения: {'action': 'message', 'from': 'User3', 'to': 'User3', 'time': 1654815971.114234, 'message_text': 'dfads'}
2022-06-10 09:06:11,114 INFO client.py Отправлено сообщение для пользователя User3.
2022-06-10 09:06:11,154 INFO client.py Получено сообщение от пользователя User3:
dfads
2022-06-10 09:06:17,875 INFO client.py Пользователь завершил работу.
2022-06-10 09:06:24,130 INFO client.py Пользователь завершил работу.
2022-06-10 09:06:27,650 INFO client.py Пользователь завершил работу.
2022-06-10 09:12:20,014 INFO client.py Запущен клиент, сервер: 127.0.0.1, порт: 7777, пользователь: User1.
2022-06-10 09:12:20,015 DEBUG client.py Сформировано presence-сообщение от пользователя User1: {'action': 'presence', 'time': 1654816340.0141153, 'type': 'status', 'user': {'account_name': 'User1', 'status': 'Hi, I am here!'}}
2022-06-10 09:12:20,015 INFO client.py Presence-сообщение отправлено на сервер 127.0.0.1.
2022-06-10 09:12:20,016 INFO client.py Запущен клиент, сервер: 127.0.0.1, порт: 7777, пользователь: User3.
2022-06-10 09:12:20,016 DEBUG client.py Сформировано presence-сообщение от пользователя User3: {'action': 'presence', 'time': 1654816340.0161114, 'type': 'status', 'user': {'account_name': 'User3', 'status': 'Hi, I am here!'}}
2022-06-10 09:12:20,017 INFO client.py Presence-сообщение отправлено на сервер 127.0.0.1.
2022-06-10 09:12:20,017 DEBUG client.py Разбор ответа от сервера: {'response': 200, 'time': 1654816340.0171103, 'alert': 'Ok, I see you!'}
2022-06-10 09:12:20,017 INFO client.py Статус ответа с сервера: 200
2022-06-10 09:12:20,017 INFO client.py Клиент User1 установил соединение с сервером.
2022-06-10 09:12:20,018 DEBUG client.py Запущены процессы приема и отправки сообщений.
2022-06-10 09:12:20,018 INFO client.py Запущен клиент, сервер: 127.0.0.1, порт: 7777, пользователь: User2.
2022-06-10 09:12:20,019 DEBUG client.py Сформировано presence-сообщение от пользователя User2: {'action': 'presence', 'time': 1654816340.0191085, 'type': 'status', 'user': {'account_name': 'User2', 'status': 'Hi, I am here!'}}
2022-06-10 09:12:20,019 INFO client.py Presence-сообщение отправлено на сервер 127.0.0.1.
2022-06-10 09:12:20,020 DEBUG client.py Разбор ответа от сервера: {'response': 200, 'time': 1654816340.0191085, 'alert': 'Ok, I see you!'}
2022-06-10 09:12:20,020 INFO client.py Статус ответа с сервера: 200
2022-06-10 09:12:20,020 INFO client.py Клиент User3 установил соединение с сервером.
2022-06-10 09:12:20,020 DEBUG client.py Запущены процессы приема и отправки сообщений.
2022-06-10 09:12:20,530 DEBUG client.py Разбор ответа от сервера: {'response': 200, 'time': 1654816340.5302372, 'alert': 'Ok, I see you!'}
2022-06-10 09:12:20,530 INFO client.py Статус ответа с сервера: 200
2022-06-10 09:12:20,531 INFO client.py Клиент User2 установил соединение с сервером.
2022-06-10 09:12:20,533 DEBUG client.py Запущены процессы приема и отправки сообщений.
2022-06-10 09:12:40,762 DEBUG client.py Сформирован словарь сообщения: {'action': 'message', 'from': 'User1', 'to': 'User3', 'time': 1654816360.7622945, 'message_text': 'fsdfasd'}
2022-06-10 09:12:40,762 INFO client.py Отправлено сообщение для пользователя User3.
2022-06-10 09:12:40,960 INFO client.py Получено сообщение от пользователя User1:
fsdfasd
2022-06-10 09:12:46,811 INFO client.py Пользователь User1 завершил работу.
2022-06-10 09:13:14,163 INFO client.py Пользователь User3 завершил работу.
2022-06-10 09:15:32,321 INFO client.py Запущен клиент, сервер: 127.0.0.1, порт: 7777, пользователь: User1.
2022-06-10 09:15:32,330 INFO client.py Запущен клиент, сервер: 127.0.0.1, порт: 7777, пользователь: User3.
2022-06-10 09:15:32,330 DEBUG client.py Сформировано presence-сообщение от пользователя User3: {'action': 'presence', 'time': 1654816532.330609, 'type': 'status', 'user': {'account_name': 'User3', 'status': 'Hi, I am here!'}}
2022-06-10 09:15:32,331 INFO client.py Presence-сообщение отправлено на сервер 127.0.0.1.
2022-06-10 09:15:32,332 INFO client.py Запущен клиент, сервер: 127.0.0.1, порт: 7777, пользователь: User2.
2022-06-10 09:15:32,333 DEBUG client.py Сформировано presence-сообщение от пользователя User2: {'action': 'presence', 'time': 1654816532.3336854, 'type': 'status', 'user': {'account_name': 'User2', 'status': 'Hi, I am here!'}}
2022-06-10 09:15:32,333 INFO client.py Presence-сообщение отправлено на сервер 127.0.0.1.
2022-06-10 09:15:32,334 DEBUG client.py Разбор ответа от сервера: {'response': 200, 'time': 1654816532.3346844, 'alert': 'Ok, I see you!'}
2022-06-10 09:15:32,334 INFO client.py Статус ответа с сервера: 200
2022-06-10 09:15:32,334 INFO client.py Клиент User3 установил соединение с сервером.
2022-06-10 09:15:32,335 DEBUG client.py Запущены процессы приема и отправки сообщений.
2022-06-10 09:15:32,827 DEBUG client.py Сформировано presence-сообщение от пользователя User1: {'action': 'presence', 'time': 1654816532.827637, 'type': 'status', 'user': {'account_name': 'User1', 'status': 'Hi, I am here!'}}
2022-06-10 09:15:32,828 INFO client.py Presence-сообщение отправлено на сервер 127.0.0.1.
2022-06-10 09:15:32,830 DEBUG client.py Разбор ответа от сервера: {'response': 200, 'time': 1654816532.8296766, 'alert': 'Ok, I see you!'}
2022-06-10 09:15:32,830 INFO client.py Статус ответа с сервера: 200
2022-06-10 09:15:32,831 INFO client.py Клиент User2 установил соединение с сервером.
2022-06-10 09:15:32,835 DEBUG client.py Запущены процессы приема и отправки сообщений.
2022-06-10 09:15:33,341 DEBUG client.py Разбор ответа от сервера: {'response': 200, 'time': 1654816533.341636, 'alert': 'Ok, I see you!'}
2022-06-10 09:15:33,341 INFO client.py Статус ответа с сервера: 200
2022-06-10 09:15:33,343 INFO client.py Клиент User1 установил соединение с сервером.
2022-06-10 09:15:33,346 DEBUG client.py Запущены процессы приема и отправки сообщений.
2022-06-10 09:15:36,987 INFO client.py Пользователь User3 завершил работу.
2022-06-10 09:15:37,424 CRITICAL client.py Потеряно соединение с сервером.
2022-06-10 09:15:44,547 INFO client.py Пользователь User1 завершил работу.
2022-06-10 09:15:44,564 CRITICAL client.py Потеряно соединение с сервером.
2022-06-10 09:15:47,939 INFO client.py Пользователь User2 завершил работу.
2022-06-10 09:15:48,146 CRITICAL client.py Потеряно соединение с сервером.
2022-06-10 09:17:38,599 INFO client.py Запущен клиент, сервер: 127.0.0.1, порт: 7777, пользователь: User1.
2022-06-10 09:17:38,599 INFO client.py Запущен клиент, сервер: 127.0.0.1, порт: 7777, пользователь: User2.
2022-06-10 09:17:38,599 DEBUG client.py Сформировано presence-сообщение от пользователя User2: {'action': 'presence', 'time': 1654816658.5998027, 'type': 'status', 'user': {'account_name': 'User2', 'status': 'Hi, I am here!'}}
2022-06-10 09:17:38,599 INFO client.py Presence-сообщение отправлено на сервер 127.0.0.1.
2022-06-10 09:17:38,599 INFO client.py Запущен клиент, сервер: 127.0.0.1, порт: 7777, пользователь: User3.
2022-06-10 09:17:38,599 DEBUG client.py Сформировано presence-сообщение от пользователя User3: {'action': 'presence', 'time': 1654816658.5998027, 'type': 'status', 'user': {'account_name': 'User3', 'status': 'Hi, I am here!'}}
2022-06-10 09:17:38,599 INFO client.py Presence-сообщение отправлено на сервер 127.0.0.1.
2022-06-10 09:17:38,599 DEBUG client.py Разбор ответа от сервера: {'response': 200, 'time': 1654816658.5998027, 'alert': 'Ok, I see you!'}
2022-06-10 09:17:38,599 INFO client.py Статус ответа с сервера: 200
2022-06-10 09:17:38,599 INFO client.py Клиент User2 установил соединение с сервером.
2022-06-10 09:17:38,599 DEBUG client.py Запущены процессы приема и отправки сообщений.
2022-06-10 09:17:39,115 DEBUG client.py Сформировано presence-сообщение от пользователя User1: {'action': 'presence', 'time': 1654816659.1154199, 'type': 'status', 'user': {'account_name': 'User1', 'status': 'Hi, I am here!'}}
2022-06-10 09:17:39,115 INFO client.py Presence-сообщение отправлено на сервер 127.0.0.1.
2022-06-10 09:17:39,115 DEBUG client.py Разбор ответа от сервера: {'response': 200, 'time': 1654816659.1154199, 'alert': 'Ok, I see you!'}
2022-06-10 09:17:39,115 INFO client.py Статус ответа с сервера: 200
2022-06-10 09:17:39,115 INFO client.py Клиент User3 установил соединение с сервером.
2022-06-10 09:17:39,115 DEBUG client.py Разбор ответа от сервера: {'response': 200, 'time': 1654816659.1154199, 'alert': 'Ok, I see you!'}
2022-06-10 09:17:39,115 INFO client.py Статус ответа с сервера: 200
2022-06-10 09:17:39,115 INFO client.py Клиент User1 установил соединение с сервером.
2022-06-10 09:17:39,115 DEBUG client.py Запущены процессы приема и отправки сообщений.
2022-06-10 09:17:39,115 DEBUG client.py Запущены процессы приема и отправки сообщений.
2022-06-10 09:17:53,390 DEBUG client.py Сформирован словарь сообщения: {'action': 'message', 'from': 'User1', 'to': 'User2', 'time': 1654816673.390656, 'message_text': 'fasdf'}
2022-06-10 09:17:53,390 INFO client.py Отправлено сообщение для пользователя User2.
2022-06-10 09:17:53,484 INFO client.py Получено сообщение от пользователя User1:
fasdf
2022-06-10 09:18:06,963 INFO client.py Пользователь User1 завершил работу.
2022-06-10 09:18:07,353 CRITICAL client.py Потеряно соединение с сервером.
2022-06-10 09:18:44,318 INFO client.py Запущен клиент, сервер: 127.0.0.1, порт: 7777, пользователь: User1.
2022-06-10 09:18:44,318 DEBUG client.py Сформировано presence-сообщение от пользователя User1: {'action': 'presence', 'time': 1654816724.3185208, 'type': 'status', 'user': {'account_name': 'User1', 'status': 'Hi, I am here!'}}
2022-06-10 09:18:44,318 INFO client.py Presence-сообщение отправлено на сервер 127.0.0.1.
2022-06-10 09:18:44,318 INFO client.py Запущен клиент, сервер: 127.0.0.1, порт: 7777, пользователь: User2.
2022-06-10 09:18:44,318 INFO client.py Запущен клиент, сервер: 127.0.0.1, порт: 7777, пользователь: User3.
2022-06-10 09:18:44,318 DEBUG client.py Сформировано presence-сообщение от пользователя User2: {'action': 'presence', 'time': 1654816724.3185208, 'type': 'status', 'user': {'account_name': 'User2', 'status': 'Hi, I am here!'}}
2022-06-10 09:18:44,318 INFO client.py Presence-сообщение отправлено на сервер 127.0.0.1.
2022-06-10 09:18:44,318 DEBUG client.py Сформировано presence-сообщение от пользователя User3: {'action': 'presence', 'time': 1654816724.3185208, 'type': 'status', 'user': {'account_name': 'User3', 'status': 'Hi, I am here!'}}
2022-06-10 09:18:44,318 DEBUG client.py Разбор ответа от сервера: {'response': 200, 'time': 1654816724.3185208, 'alert': 'Ok, I see you!'}
2022-06-10 09:18:44,318 INFO client.py Presence-сообщение отправлено на сервер 127.0.0.1.
2022-06-10 09:18:44,318 INFO client.py Статус ответа с сервера: 200
2022-06-10 09:18:44,318 INFO client.py Клиент User1 установил соединение с сервером.
2022-06-10 09:18:44,318 DEBUG client.py Разбор ответа от сервера: {'response': 200, 'time': 1654816724.3185208, 'alert': 'Ok, I see you!'}
2022-06-10 09:18:44,318 INFO client.py Статус ответа с сервера: 200
2022-06-10 09:18:44,318 INFO client.py Клиент User2 установил соединение с сервером.
2022-06-10 09:18:44,318 DEBUG client.py Запущены процессы приема и отправки сообщений.
2022-06-10 09:18:44,318 DEBUG client.py Разбор ответа от сервера: {'response': 200, 'time': 1654816724.3185208, 'alert': 'Ok, I see you!'}
2022-06-10 09:18:44,318 INFO client.py Статус ответа с сервера: 200
2022-06-10 09:18:44,318 INFO client.py Клиент User3 установил соединение с сервером.
2022-06-10 09:18:44,318 DEBUG client.py Запущены процессы приема и отправки сообщений.
2022-06-10 09:18:44,318 DEBUG client.py Запущены процессы приема и отправки сообщений.
2022-06-10 09:18:58,344 DEBUG client.py Сформирован словарь сообщения: {'action': 'message', 'from': 'User2', 'to': 'User1', 'time': 1654816738.3449275, 'message_text': 'fas'}
2022-06-10 09:18:58,344 INFO client.py Отправлено сообщение для пользователя User1.
2022-06-10 09:18:58,719 INFO client.py Получено сообщение от пользователя User2:
fas
2022-06-10 09:19:01,874 INFO client.py Пользователь User2 завершил работу.
2022-06-10 09:19:02,306 CRITICAL client.py Потеряно соединение с сервером.
2022-08-10 19:34:52,909 INFO client.py Запущен клиент, сервер: 127.0.0.1, порт: 7777, пользователь: User3.
2022-08-10 19:34:52,911 DEBUG client.py Сформировано presence-сообщение от пользователя User3: {'action': 'presence', 'time': 1660124092.9106247, 'type': 'status', 'user': {'account_name': 'User3', 'status': 'Hi, I am here!'}}
2022-08-10 19:34:52,911 DEBUG client.py Сформировано presence-сообщение от пользователя User1: {'action': 'presence', 'time': 1660124092.9116223, 'type': 'status', 'user': {'account_name': 'User1', 'status': 'Hi, I am here!'}}
2022-08-10 19:34:52,913 INFO client.py Presence-сообщение отправлено на сервер 127.0.0.1.
2022-08-10 19:34:52,913 INFO client.py Presence-сообщение отправлено на сервер 127.0.0.1.
2022-08-10 19:34:52,914 DEBUG client.py Разбор ответа от сервера: {'response': 200, 'time': 1660124092.913653, 'alert': 'Ok, I see you!'}
2022-08-10 19:34:52,914 INFO client.py Статус ответа с сервера: 200
2022-08-10 19:34:52,914 INFO client.py Клиент User2 установил соединение с сервером.
2022-08-10 19:34:52,914 DEBUG client.py Разбор ответа от сервера: {'response': 200, 'time': 1660124092.9146333, 'alert': 'Ok, I see you!'}
2022-08-10 19:34:52,914 INFO client.py Статус ответа с сервера: 200
2022-08-10 19:34:52,914 INFO client.py Клиент User3 установил соединение с сервером.
2022-08-10 19:34:52,915 DEBUG client.py Запущены процессы приема и отправки сообщений.
2022-08-10 19:34:52,915 DEBUG client.py Разбор ответа от сервера: {'response': 200, 'time': 1660124092.9156346, 'alert': 'Ok, I see you!'}
2022-08-10 19:34:52,915 INFO client.py Статус ответа с сервера: 200
2022-08-10 19:34:52,915 INFO client.py Клиент User1 установил соединение с сервером.
2022-08-10 19:34:52,915 DEBUG client.py Запущены процессы приема и отправки сообщений.
2022-08-10 19:34:52,916 DEBUG client.py Запущены процессы приема и отправки сообщений.
2022-08-10 19:35:19,579 CRITICAL client.py Потеряно соединение с сервером.
2022-08-10 19:35:19,579 CRITICAL client.py Потеряно соединение с сервером.
2022-08-10 19:35:19,579 CRITICAL client.py Потеряно соединение с сервером.
2022-08-10 19:35:35,847 INFO client.py Запущен клиент, сервер: 127.0.0.1, порт: 7777, пользователь: User3.
2022-08-10 19:35:35,848 DEBUG client.py Сформировано presence-сообщение от пользователя User3: {'action': 'presence', 'time': 1660124135.8484569, 'type': 'status', 'user': {'account_name': 'User3', 'status': 'Hi, I am here!'}}
2022-08-10 19:35:35,849 INFO client.py Presence-сообщение отправлено на сервер 127.0.0.1.
2022-08-10 19:35:35,849 INFO client.py Presence-сообщение отправлено на сервер 127.0.0.1.
2022-08-10 19:35:35,849 DEBUG client.py Разбор ответа от сервера: {'response': 200, 'time': 1660124135.8494558, 'alert': 'Ok, I see you!'}
2022-08-10 19:35:35,849 INFO client.py Статус ответа с сервера: 200
2022-08-10 19:35:35,849 INFO client.py Клиент User2 установил соединение с сервером.
2022-08-10 19:35:35,850 DEBUG client.py Разбор ответа от сервера: {'response': 200, 'time': 1660124135.8494558, 'alert': 'Ok, I see you!'}
2022-08-10 19:35:35,850 INFO client.py Статус ответа с сервера: 200
2022-08-10 19:35:35,850 INFO client.py Клиент User3 установил соединение с сервером.
2022-08-10 19:35:35,850 DEBUG client.py Запущены процессы приема и отправки сообщений.
2022-08-10 19:35:35,850 DEBUG client.py Запущены процессы приема и отправки сообщений.
2022-08-10 19:35:35,851 INFO client.py Запущен клиент, сервер: 127.0.0.1, порт: 7777, пользователь: User1.
2022-08-10 19:35:35,851 DEBUG client.py Сформировано presence-сообщение от пользователя User1: {'action': 'presence', 'time': 1660124135.8514545, 'type': 'status', 'user': {'account_name': 'User1', 'status': 'Hi, I am here!'}}
2022-08-10 19:35:35,852 INFO client.py Presence-сообщение отправлено на сервер 127.0.0.1.
2022-08-10 19:35:36,368 DEBUG client.py Разбор ответа от сервера: {'response': 200, 'time': 1660124136.3677146, 'alert': 'Ok, I see you!'}
2022-08-10 19:35:36,368 INFO client.py Статус ответа с сервера: 200
2022-08-10 19:35:36,369 INFO client.py Клиент User1 установил соединение с сервером.
2022-08-10 19:35:36,371 DEBUG client.py Запущены процессы приема и отправки сообщений.
2022-08-10 19:35:57,529 DEBUG client.py Сформирован словарь сообщения: {'action': 'message', 'from': 'User2', 'to': 'fasdf', 'time': 1660124157.5297792, 'message_text': 'fds'}
2022-08-10 19:35:57,530 INFO client.py Отправлено сообщение для пользователя fasdf.
2022-08-10 19:36:08,065 DEBUG client.py Сформирован словарь сообщения: {'action': 'message', 'from': 'User2', 'to': 'User 1', 'time': 1660124168.065658, 'message_text': 'as'}
2022-08-10 19:36:08,065 INFO client.py Отправлено сообщение для пользователя User 1.
2022-08-10 19:36:22,177 DEBUG client.py Сформирован словарь сообщения: {'action': 'message', 'from': 'User2', 'to': 'User1', 'time': 1660124182.1777093, 'message_text': 'fasdfa'}
2022-08-10 19:36:22,178 INFO client.py Отправлено сообщение для пользователя User1.
2022-08-10 19:36:22,282 INFO client.py Получено сообщение от пользователя User2:
fasdfa
2022-08-10 19:36:31,370 INFO client.py Пользователь User2 завершил работу.
2022-08-10 19:36:31,434 CRITICAL client.py Потеряно соединение с сервером.
2022-08-10 19:36:40,010 CRITICAL client.py Потеряно соединение с сервером.
2022-08-10 19:56:43,586 INFO client.py Запущен клиент, сервер: 127.0.0.1, порт: 7777, пользователь: User2.
2022-08-10 19:56:43,593 INFO client.py Запущен клиент, сервер: 127.0.0.1, порт: 7777, пользователь: User1.
2022-08-10 19:56:43,600 INFO client.py Запущен клиент, сервер: 127.0.0.1, порт: 7777, пользователь: User3.
2022-08-10 19:56:44,087 DEBUG client.py Сформировано presence-сообщение от пользователя User2: {'action': 'presence', 'time': 1660125404.087449, 'type': 'status', 'user': {'account_name': 'User2', 'status': 'Hi, I am here!'}}
2022-08-10 19:56:44,088 INFO client.py Presence-сообщение отправлено на сервер 127.0.0.1.
2022-08-10 19:56:44,102 DEBUG client.py Сформировано presence-сообщение от пользователя User3: {'action': 'presence', 'time': 1660125404.102576, 'type': 'status', 'user': {'account_name': 'User3', 'status': 'Hi, I am here!'}}
2022-08-10 19:56:44,102 DEBUG client.py Сформировано presence-сообщение от пользователя User1: {'action': 'presence', 'time': 1660125404.102576, 'type': 'status', 'user': {'account_name': 'User1', 'status': 'Hi, I am here!'}}
2022-08-10 19:56:44,102 INFO client.py Presence-сообщение отправлено на сервер 127.0.0.1.
2022-08-10 19:56:44,103 INFO client.py Presence-сообщение отправлено на сервер 127.0.0.1.
2022-08-10 19:56:44,103 DEBUG client.py Разбор ответа от сервера: {'response': 200, 'time': 1660125404.1035461, 'alert': 'Ok, I see you!'}
2022-08-10 19:56:44,103 INFO client.py Статус ответа с сервера: 200
2022-08-10 19:56:44,104 INFO client.py Клиент User2 установил соединение с сервером.
2022-08-10 19:56:44,104 DEBUG client.py Разбор ответа от сервера: {'response': 200, 'time': 1660125404.1045485, 'alert': 'Ok, I see you!'}
2022-08-10 19:56:44,104 INFO client.py Статус ответа с сервера: 200
2022-08-10 19:56:44,105 INFO client.py Клиент User3 установил соединение с сервером.
2022-08-10 19:56:44,105 DEBUG client.py Запущены процессы приема и отправки сообщений.
2022-08-10 19:56:44,105 DEBUG client.py Разбор ответа от сервера: {'response': 200, 'time': 1660125404.1055436, 'alert': 'Ok, I see you!'}
2022-08-10 19:56:44,105 INFO client.py Статус ответа с сервера: 200
2022-08-10 19:56:44,106 INFO client.py Клиент User1 установил соединение с сервером.
2022-08-10 19:56:44,106 DEBUG client.py Запущены процессы приема и отправки сообщений.
2022-08-10 19:56:44,107 DEBUG client.py Запущены процессы приема и отправки сообщений.
2022-08-11 00:33:01,475 INFO client.py Запущен клиент, сервер: 127.0.0.1, порт: 7777, пользователь: User2.
2022-08-11 00:33:01,476 DEBUG client.py Сформировано presence-сообщение от пользователя User2: {'action': 'presence', 'time': 1660141981.4767754, 'type': 'status', 'user': {'account_name': 'User2', 'status': 'Hi, I am here!'}}
2022-08-11 00:33:01,480 INFO client.py Запущен клиент, сервер: 127.0.0.1, порт: 7777, пользователь: User1.
2022-08-11 00:33:01,481 INFO client.py Запущен клиент, сервер: 127.0.0.1, порт: 7777, пользователь: User3.
2022-08-11 00:33:01,481 DEBUG client.py Сформировано presence-сообщение от пользователя User3: {'action': 'presence', 'time': 1660141981.4817708, 'type': 'status', 'user': {'account_name': 'User3', 'status': 'Hi, I am here!'}}
2022-08-11 00:33:01,481 DEBUG client.py Сформировано presence-сообщение от пользователя User1: {'action': 'presence', 'time': 1660141981.4817708, 'type': 'status', 'user': {'account_name': 'User1', 'status': 'Hi, I am here!'}}
2022-08-11 00:33:01,483 INFO client.py Presence-сообщение отправлено на сервер 127.0.0.1.
2022-08-11 00:33:01,483 INFO client.py Presence-сообщение отправлено на сервер 127.0.0.1.
2022-08-11 00:33:01,483 INFO client.py Presence-сообщение отправлено на сервер 127.0.0.1.
2022-08-11 00:33:01,485 DEBUG client.py Разбор ответа от сервера: {'response': 200, 'time': 1660141981.4847677, 'alert': 'Ok, I see you!'}
2022-08-11 00:33:01,485 INFO client.py Статус ответа с сервера: 200
2022-08-11 00:33:01,485 INFO client.py Клиент User1 установил соединение с сервером.
2022-08-11 00:33:01,485 DEBUG client.py Разбор ответа от сервера: {'response': 200, 'time': 1660141981.4857657, 'alert': 'Ok, I see you!'}
2022-08-11 00:33:01,485 INFO client.py Статус ответа с сервера: 200
2022-08-11 00:33:01,486 INFO client.py Клиент User3 установил соединение с сервером.
2022-08-11 00:33:01,486 DEBUG client.py Запущены процессы приема и отправки сообщений.
2022-08-11 00:33:01,486 DEBUG client.py Запущены процессы приема и отправки сообщений.
2022-08-11 00:33:01,494 DEBUG client.py Разбор ответа от сервера: {'response': 200, 'time': 1660141981.4847677, 'alert': 'Ok, I see you!'}
2022-08-11 00:33:01,494 INFO client.py Статус ответа с сервера: 200
2022-08-11 00:33:01,494 INFO client.py Клиент User2 установил соединение с сервером.
2022-08-11 00:33:01,495 DEBUG client.py Запущены процессы приема и отправки сообщений.
2022-08-11 00:33:43,120 INFO client.py Запущен клиент, сервер: 127.0.0.1, порт: 7777, пользователь: User1.
2022-08-11 00:33:43,123 INFO client.py Запущен клиент, сервер: 127.0.0.1, порт: 7777, пользователь: User3.
2022-08-11 00:33:43,123 INFO client.py Запущен клиент, сервер: 127.0.0.1, порт: 7777, пользователь: User2.
2022-08-11 00:33:43,638 DEBUG client.py Сформировано presence-сообщение от пользователя User1: {'action': 'presence', 'time': 1660142023.6380544, 'type': 'status', 'user': {'account_name': 'User1', 'status': 'Hi, I am here!'}}
2022-08-11 00:33:43,638 DEBUG client.py Сформировано presence-сообщение от пользователя User2: {'action': 'presence', 'time': 1660142023.6380544, 'type': 'status', 'user': {'account_name': 'User2', 'status': 'Hi, I am here!'}}
2022-08-11 00:33:43,638 DEBUG client.py Сформировано presence-сообщение от пользователя User3: {'action': 'presence', 'time': 1660142023.6380544, 'type': 'status', 'user': {'account_name': 'User3', 'status': 'Hi, I am here!'}}
2022-08-11 00:33:43,639 INFO client.py Presence-сообщение отправлено на сервер 127.0.0.1.
2022-08-11 00:33:43,639 INFO client.py Presence-сообщение отправлено на сервер 127.0.0.1.
2022-08-11 00:33:43,639 INFO client.py Presence-сообщение отправлено на сервер 127.0.0.1.
2022-08-11 00:33:43,640 DEBUG client.py Разбор ответа от сервера: {'response': 200, 'time': 1660142023.6390224, 'alert': 'Ok, I see you!'}
2022-08-11 00:33:43,640 INFO client.py Статус ответа с сервера: 200
2022-08-11 00:33:43,640 INFO client.py Клиент User1 установил соединение с сервером.
2022-08-11 00:33:43,641 DEBUG client.py Разбор ответа от сервера: {'response': 200, 'time': 1660142023.6400213, 'alert': 'Ok, I see you!'}
2022-08-11 00:33:43,641 INFO client.py Статус ответа с сервера: 200
2022-08-11 00:33:43,641 INFO client.py Клиент User2 установил соединение с сервером.
2022-08-11 00:33:43,642 DEBUG client.py Запущены процессы приема и отправки сообщений.
2022-08-11 00:33:43,642 DEBUG client.py Разбор ответа от сервера: {'response': 200, 'time': 1660142023.6410203, 'alert': 'Ok, I see you!'}
2022-08-11 00:33:43,642 INFO client.py Статус ответа с сервера: 200
2022-08-11 00:33:43,643 INFO client.py Клиент User3 установил соединение с сервером.
2022-08-11 00:33:43,643 DEBUG client.py Запущены процессы приема и отправки сообщений.
2022-08-11 00:33:43,644 DEBUG client.py Запущены процессы приема и отправки сообщений.
2022-08-11 00:34:37,412 INFO client.py Запущен клиент, сервер: 127.0.0.1, порт: 7777, пользователь: User3.
2022-08-11 00:34:37,422 INFO client.py Запущен клиент, сервер: 127.0.0.1, порт: 7777, пользователь: User1.
2022-08-11 00:34:37,424 INFO client.py Запущен клиент, сервер: 127.0.0.1, порт: 7777, пользователь: User2.
2022-08-11 00:34:37,918 DEBUG client.py Сформировано presence-сообщение от пользователя User3: {'action': 'presence', 'time': 1660142077.9188368, 'type': 'status', 'user': {'account_name': 'User3', 'status': 'Hi, I am here!'}}
2022-08-11 00:34:37,918 INFO client.py Presence-сообщение отправлено на сервер 127.0.0.1.
2022-08-11 00:34:37,934 DEBUG client.py Сформировано presence-сообщение от пользователя User1: {'action': 'presence', 'time': 1660142077.9347749, 'type': 'status', 'user': {'account_name': 'User1', 'status': 'Hi, I am here!'}}
2022-08-11 00:34:37,934 DEBUG client.py Сформировано presence-сообщение от пользователя User2: {'action': 'presence', 'time': 1660142077.9347749, 'type': 'status', 'user': {'account_name': 'User2', 'status': 'Hi, I am here!'}}
2022-08-11 00:34:37,934 INFO client.py Presence-сообщение отправлено на сервер 127.0.0.1.
2022-08-11 00:34:37,935 INFO client.py Presence-сообщение отправлено на сервер 127.0.0.1.
2022-08-11 00:34:37,935 DEBUG client.py Разбор ответа от сервера: {'response': 200, 'time': 1660142077.935776, 'alert': 'Ok, I see you!'}
2022-08-11 00:34:37,935 INFO client.py Статус ответа с сервера: 200
2022-08-11 00:34:37,936 INFO client.py Клиент User3 установил соединение с сервером.
2022-08-11 00:34:37,936 DEBUG client.py Разбор ответа от сервера: {'response': 200, 'time': 1660142077.9367752, 'alert': 'Ok, I see you!'}
2022-08-11 00:34:37,936 INFO client.py Статус ответа с сервера: 200
2022-08-11 00:34:37,936 INFO client.py Клиент User1 установил соединение с сервером.
2022-08-11 00:34:37,937 DEBUG client.py Разбор ответа от сервера: {'response': 200, 'time': 1660142077.9367752, 'alert': 'Ok, I see you!'}
2022-08-11 00:34:37,937 INFO client.py Статус ответа с сервера: 200
 отправки сообщений.
2022-08-11 00:34:37,937 INFO client.py Клиент User2 установил соединение с сервером.
2022-08-11 00:34:37,938 DEBUG client.py Запущены процессы приема и отправки сообщений.
2022-08-11 00:34:37,938 DEBUG client.py Запущены процессы приема и отправки сообщений.
2022-08-11 00:35:43,914 INFO client.py Запущен клиент, сервер: 127.0.0.1, порт: 7777, пользователь: User3.
2022-08-11 00:35:43,914 INFO client.py Запущен клиент, сервер: 127.0.0.1, порт: 7777, пользователь: User2.
2022-08-11 00:35:43,915 DEBUG client.py Сформировано presence-сообщение от пользователя User3: {'action': 'presence', 'time': 1660142143.915377, 'type': 'status', 'user': {'account_name': 'User3', 'status': 'Hi, I am here!'}}
2022-08-11 00:35:43,915 DEBUG client.py Сформировано presence-сообщение от пользователя User2: {'action': 'presence', 'time': 1660142143.915377, 'type': 'status', 'user': {'account_name': 'User2', 'status': 'Hi, I am here!'}}
2022-08-11 00:35:43,915 INFO client.py Запущен клиент, сервер: 127.0.0.1, порт: 7777, пользователь: User1.
2022-08-11 00:35:43,915 INFO client.py Presence-сообщение отправлено на сервер 127.0.0.1.
2022-08-11 00:35:43,915 INFO client.py Presence-сообщение отправлено на сервер 127.0.0.1.
2022-08-11 00:35:43,916 DEBUG client.py Сформировано presence-сообщение от пользователя User1: {'action': 'presence', 'time': 1660142143.916376, 'type': 'status', 'user': {'account_name': 'User1', 'status': 'Hi, I am here!'}}
2022-08-11 00:35:43,916 DEBUG client.py Разбор ответа от сервера: {'response': 200, 'time': 1660142143.916376, 'alert': 'Ok, I see you!'}
2022-08-11 00:35:43,916 INFO client.py Статус ответа с сервера: 200
2022-08-11 00:35:43,916 INFO client.py Клиент User3 установил соединение с сервером.
2022-08-11 00:35:43,916 INFO client.py Presence-сообщение отправлено на сервер 127.0.0.1.
2022-08-11 00:35:43,916 DEBUG client.py Разбор ответа от сервера: {'response': 200, 'time': 1660142143.916376, 'alert': 'Ok, I see you!'}
2022-08-11 00:35:43,916 INFO client.py Статус ответа с сервера: 200
2022-08-11 00:35:43,917 INFO client.py Клиент User2 установил соединение с сервером.
2022-08-11 00:35:43,917 DEBUG client.py Запущены процессы приема и отправки сообщений.
2022-08-11 00:35:43,917 DEBUG client.py Разбор ответа от сервера: {'response': 200, 'time': 1660142143.917375, 'alert': 'Ok, I see you!'}
2022-08-11 00:35:43,917 INFO client.py Статус ответа с сервера: 200
2022-08-11 00:35:43,917 DEBUG client.py Запущены процессы приема и отправки сообщений.
2022-08-11 00:35:43,917 INFO client.py Клиент User1 установил соединение с сервером.
2022-08-11 00:35:43,918 DEBUG client.py Запущены процессы приема и отправки сообщений.
2022-08-11 00:45:09,254 INFO client.py Запущен клиент, сервер: 127.0.0.1, порт: 7777, пользователь: User2.
2022-08-11 00:45:09,255 DEBUG client.py Сформировано presence-сообщение от пользователя User2: {'action': 'presence', 'time': 1660142709.2551386, 'type': 'status', 'user': {'account_name': 'User2', 'status': 'Hi, I am here!'}}
2022-08-11 00:45:09,255 INFO client.py Presence-сообщение отправлено на сервер 127.0.0.1.
2022-08-11 00:45:09,258 INFO client.py Запущен клиент, сервер: 127.0.0.1, порт: 7777, пользователь: User3.
2022-08-11 00:45:09,258 INFO client.py Запущен клиент, сервер: 127.0.0.1, порт: 7777, пользователь: User1.
2022-08-11 00:45:09,259 DEBUG client.py Сформировано presence-сообщение от пользователя User1: {'action': 'presence', 'time': 1660142709.259135, 'type': 'status', 'user': {'account_name': 'User1', 'status': 'Hi, I am here!'}}
2022-08-11 00:45:09,259 DEBUG client.py Сформировано presence-сообщение от пользователя User3: {'action': 'presence', 'time': 1660142709.259135, 'type': 'status', 'user': {'account_name': 'User3', 'status': 'Hi, I am here!'}}
2022-08-11 00:45:09,259 INFO client.py Presence-сообщение отправлено на сервер 127.0.0.1.
2022-08-11 00:45:09,259 INFO client.py Presence-сообщение отправлено на сервер 127.0.0.1.
2022-08-11 00:45:09,260 DEBUG client.py Разбор ответа от сервера: {'response': 200, 'time': 1660142709.260134, 'alert': 'Ok, I see you!'}
2022-08-11 00:45:09,260 INFO client.py Статус ответа с сервера: 200
2022-08-11 00:45:09,260 INFO client.py Клиент User2 установил соединение с сервером.
2022-08-11 00:45:09,261 DEBUG client.py Разбор ответа от сервера: {'response': 200, 'time': 1660142709.260134, 'alert': 'Ok, I see you!'}
2022-08-11 00:45:09,261 INFO client.py Статус ответа с сервера: 200
2022-08-11 00:45:09,261 INFO client.py Клиент User1 установил соединение с сервером.
2022-08-11 00:45:09,261 DEBUG client.py Разбор ответа от сервера: {'response': 200, 'time': 1660142709.261133, 'alert': 'Ok, I see you!'}
2022-08-11 00:45:09,262 DEBUG client.py Запущены процессы приема и отправки сообщений.
2022-08-11 00:45:09,262 INFO client.py Статус ответа с сервера: 200
2022-08-11 00:45:09,262 INFO client.py Клиент User3 установил соединение с сервером.
2022-08-11 00:45:09,262 DEBUG client.py Запущены процессы приема и отправки сообщений.
2022-08-11 00:45:09,263 DEBUG client.py Запущены процессы приема и отправки сообщений.
