2022-06-10 09:04:10,692 INFO client.py Запущен клиент, сервер: 127.0.0.1, порт: 7777, пользователь: User2.
2022-06-10 09:04:10,692 DEBUG client.py Сформировано presence-сообщение от пользователя User2: {'action': 'presence', 'time': 1654815850.6927576, 'type': 'status', 'user': {'account_name': 'User2', 'status': 'Hi, I am here!'}}
2022-06-10 09:04:10,693 INFO client.py Presence-сообщение отправлено на сервер 127.0.0.1.
2022-06-10 09:04:10,693 INFO client.py Запущен клиент, сервер: 127.0.0.1, порт: 7777, пользователь: User3.
2022-06-10 09:04:10,693 DEBUG client.py Сформировано presence-сообщение от пользователя User3: {'action': 'presence', 'time': 1654815850.6937644, 'type': 'status', 'user': {'account_name': 'User3', 'status': 'Hi, I am here!'}}
2022-06-10 09:04:10,694 INFO client.py Presence-сообщение отправлено на сервер 127.0.0.1.
2022-06-10 09:04:10,694 DEBUG client.py Разбор ответа от сервера: {'response': 200, 'time': 1654815850.6947556, 'alert': 'Ok, I see you!'}
2022-06-10 09:04:10,694 INFO client.py Статус ответа с сервера: 200
2022-06-10 09:04:10,694 INFO client.py Клиент User2 установил соединение с сервером.
2022-06-10 09:04:10,695 INFO client.py Запущен клиент, сервер: 127.0.0.1, порт: 7777, пользователь: User1.
2022-06-10 09:04:10,695 DEBUG client.py Запущены процессы приема и отправки сообщений.
2022-06-10 09:04:10,695 DEBUG client.py Сформировано presence-сообщение от пользователя User1: {'action': 'presence', 'time': 1654815850.6957548, 'type': 'status', 'user': {'account_name': 'User1', 'status': 'Hi, I am here!'}}
2022-06-10 09:04:10,696 INFO client.py Presence-сообщение отправлено на сервер 127.0.0.1.
2022-06-10 09:04:10,696 DEBUG client.py Разбор ответа от сервера: {'response': 200, 'time': 1654815850.696754, 'alert': 'Ok, I see you!'}
2022-06-10 09:04:10,696 INFO client.py Статус ответа с сервера: 200
2022-06-10 09:04:10,696 INFO client.py Клиент User3 установил соединение с сервером.
2022-06-10 09:04:10,697 DEBUG client.py Запущены процессы приема и отправки сообщений.
2022-06-10 09:04:11,211 DEBUG client.py Разбор ответа от сервера: {'response': 200, 'time': 1654815851.21072, 'alert': 'Ok, I see you!'}
2022-06-10 09:04:11,211 INFO client.py Статус ответа с сервера: 200
2022-06-10 09:04:11,212 INFO client.py Клиент User1 установил соединение с сервером.
2022-06-10 09:04:11,216 DEBUG client.py Запущены процессы приема и отправки сообщений.
2022-06-10 09:05:23,897 DEBUG client.py Сформирован словарь сообщения: {'action': 'message', 'from': 'User1', 'to': 'User2', 'time': 1654815923.897842, 'message_text': 'testteset'}
2022-06-10 09:05:23,898 INFO client.py Отправлено сообщение для пользователя User2.
2022-06-10 09:05:24,183 INFO client.py Получено сообщение от пользователя User1:
testteset
2022-06-10 09:05:54,873 DEBUG client.py Сформирован словарь сообщения: {'action': 'message', 'from': 'User3', 'to': 'User1', 'time': 1654815954.8738744, 'message_text': 'test'}
2022-06-10 09:05:54,873 INFO client.py Отправлено сообщение для пользователя User1.
2022-06-10 09:05:55,340 INFO client.py Получено сообщение от пользователя User3:
test
2022-06-10 09:06:11,114 DEBUG client.py Сформирован словарь сообщения: {'action': 'message', 'from': 'User3', 'to': 'User3', 'time': 1654815971.114234, 'message_text': 'dfads'}
2022-06-10 09:06:11,114 INFO client.py Отправлено сообщение для пользователя User3.
2022-06-10 09:06:11,154 INFO client.py Получено сообщение от пользователя User3:
dfads
2022-06-10 09:06:17,875 INFO client.py Пользователь завершил работу.
2022-06-10 09:06:24,130 INFO client.py Пользователь завершил работу.
2022-06-10 09:06:27,650 INFO client.py Пользователь завершил работу.
2022-06-10 09:12:20,014 INFO client.py Запущен клиент, сервер: 127.0.0.1, порт: 7777, пользователь: User1.
2022-06-10 09:12:20,015 DEBUG client.py Сформировано presence-сообщение от пользователя User1: {'action': 'presence', 'time': 1654816340.0141153, 'type': 'status', 'user': {'account_name': 'User1', 'status': 'Hi, I am here!'}}
2022-06-10 09:12:20,015 INFO client.py Presence-сообщение отправлено на сервер 127.0.0.1.
2022-06-10 09:12:20,016 INFO client.py Запущен клиент, сервер: 127.0.0.1, порт: 7777, пользователь: User3.
2022-06-10 09:12:20,016 DEBUG client.py Сформировано presence-сообщение от пользователя User3: {'action': 'presence', 'time': 1654816340.0161114, 'type': 'status', 'user': {'account_name': 'User3', 'status': 'Hi, I am here!'}}
2022-06-10 09:12:20,017 INFO client.py Presence-сообщение отправлено на сервер 127.0.0.1.
2022-06-10 09:12:20,017 DEBUG client.py Разбор ответа от сервера: {'response': 200, 'time': 1654816340.0171103, 'alert': 'Ok, I see you!'}
2022-06-10 09:12:20,017 INFO client.py Статус ответа с сервера: 200
2022-06-10 09:12:20,017 INFO client.py Клиент User1 установил соединение с сервером.
2022-06-10 09:12:20,018 DEBUG client.py Запущены процессы приема и отправки сообщений.
2022-06-10 09:12:20,018 INFO client.py Запущен клиент, сервер: 127.0.0.1, порт: 7777, пользователь: User2.
2022-06-10 09:12:20,019 DEBUG client.py Сформировано presence-сообщение от пользователя User2: {'action': 'presence', 'time': 1654816340.0191085, 'type': 'status', 'user': {'account_name': 'User2', 'status': 'Hi, I am here!'}}
2022-06-10 09:12:20,019 INFO client.py Presence-сообщение отправлено на сервер 127.0.0.1.
2022-06-10 09:12:20,020 DEBUG client.py Разбор ответа от сервера: {'response': 200, 'time': 1654816340.0191085, 'alert': 'Ok, I see you!'}
2022-06-10 09:12:20,020 INFO client.py Статус ответа с сервера: 200
2022-06-10 09:12:20,020 INFO client.py Клиент User3 установил соединение с сервером.
2022-06-10 09:12:20,020 DEBUG client.py Запущены процессы приема и отправки сообщений.
2022-06-10 09:12:20,530 DEBUG client.py Разбор ответа от сервера: {'response': 200, 'time': 1654816340.5302372, 'alert': 'Ok, I see you!'}
2022-06-10 09:12:20,530 INFO client.py Статус ответа с сервера: 200
2022-06-10 09:12:20,531 INFO client.py Клиент User2 установил соединение с сервером.
2022-06-10 09:12:20,533 DEBUG client.py Запущены процессы приема и отправки сообщений.
2022-06-10 09:12:40,762 DEBUG client.py Сформирован словарь сообщения: {'action': 'message', 'from': 'User1', 'to': 'User3', 'time': 1654816360.7622945, 'message_text': 'fsdfasd'}
2022-06-10 09:12:40,762 INFO client.py Отправлено сообщение для пользователя User3.
2022-06-10 09:12:40,960 INFO client.py Получено сообщение от пользователя User1:
fsdfasd
2022-06-10 09:12:46,811 INFO client.py Пользователь User1 завершил работу.
2022-06-10 09:13:14,163 INFO client.py Пользователь User3 завершил работу.
2022-06-10 09:15:32,321 INFO client.py Запущен клиент, сервер: 127.0.0.1, порт: 7777, пользователь: User1.
2022-06-10 09:15:32,330 INFO client.py Запущен клиент, сервер: 127.0.0.1, порт: 7777, пользователь: User3.
2022-06-10 09:15:32,330 DEBUG client.py Сформировано presence-сообщение от пользователя User3: {'action': 'presence', 'time': 1654816532.330609, 'type': 'status', 'user': {'account_name': 'User3', 'status': 'Hi, I am here!'}}
2022-06-10 09:15:32,331 INFO client.py Presence-сообщение отправлено на сервер 127.0.0.1.
2022-06-10 09:15:32,332 INFO client.py Запущен клиент, сервер: 127.0.0.1, порт: 7777, пользователь: User2.
2022-06-10 09:15:32,333 DEBUG client.py Сформировано presence-сообщение от пользователя User2: {'action': 'presence', 'time': 1654816532.3336854, 'type': 'status', 'user': {'account_name': 'User2', 'status': 'Hi, I am here!'}}
2022-06-10 09:15:32,333 INFO client.py Presence-сообщение отправлено на сервер 127.0.0.1.
2022-06-10 09:15:32,334 DEBUG client.py Разбор ответа от сервера: {'response': 200, 'time': 1654816532.3346844, 'alert': 'Ok, I see you!'}
2022-06-10 09:15:32,334 INFO client.py Статус ответа с сервера: 200
2022-06-10 09:15:32,334 INFO client.py Клиент User3 установил соединение с сервером.
2022-06-10 09:15:32,335 DEBUG client.py Запущены процессы приема и отправки сообщений.
2022-06-10 09:15:32,827 DEBUG client.py Сформировано presence-сообщение от пользователя User1: {'action': 'presence', 'time': 1654816532.827637, 'type': 'status', 'user': {'account_name': 'User1', 'status': 'Hi, I am here!'}}
2022-06-10 09:15:32,828 INFO client.py Presence-сообщение отправлено на сервер 127.0.0.1.
2022-06-10 09:15:32,830 DEBUG client.py Разбор ответа от сервера: {'response': 200, 'time': 1654816532.8296766, 'alert': 'Ok, I see you!'}
2022-06-10 09:15:32,830 INFO client.py Статус ответа с сервера: 200
2022-06-10 09:15:32,831 INFO client.py Клиент User2 установил соединение с сервером.
2022-06-10 09:15:32,835 DEBUG client.py Запущены процессы приема и отправки сообщений.
2022-06-10 09:15:33,341 DEBUG client.py Разбор ответа от сервера: {'response': 200, 'time': 1654816533.341636, 'alert': 'Ok, I see you!'}
2022-06-10 09:15:33,341 INFO client.py Статус ответа с сервера: 200
2022-06-10 09:15:33,343 INFO client.py Клиент User1 установил соединение с сервером.
2022-06-10 09:15:33,346 DEBUG client.py Запущены процессы приема и отправки сообщений.
2022-06-10 09:15:36,987 INFO client.py Пользователь User3 завершил работу.
2022-06-10 09:15:37,424 CRITICAL client.py Потеряно соединение с сервером.
2022-06-10 09:15:44,547 INFO client.py Пользователь User1 завершил работу.
2022-06-10 09:15:44,564 CRITICAL client.py Потеряно соединение с сервером.
2022-06-10 09:15:47,939 INFO client.py Пользователь User2 завершил работу.
2022-06-10 09:15:48,146 CRITICAL client.py Потеряно соединение с сервером.
2022-06-10 09:17:38,599 INFO client.py Запущен клиент, сервер: 127.0.0.1, порт: 7777, пользователь: User1.
2022-06-10 09:17:38,599 INFO client.py Запущен клиент, сервер: 127.0.0.1, порт: 7777, пользователь: User2.
2022-06-10 09:17:38,599 DEBUG client.py Сформировано presence-сообщение от пользователя User2: {'action': 'presence', 'time': 1654816658.5998027, 'type': 'status', 'user': {'account_name': 'User2', 'status': 'Hi, I am here!'}}
2022-06-10 09:17:38,599 INFO client.py Presence-сообщение отправлено на сервер 127.0.0.1.
2022-06-10 09:17:38,599 INFO client.py Запущен клиент, сервер: 127.0.0.1, порт: 7777, пользователь: User3.
2022-06-10 09:17:38,599 DEBUG client.py Сформировано presence-сообщение от пользователя User3: {'action': 'presence', 'time': 1654816658.5998027, 'type': 'status', 'user': {'account_name': 'User3', 'status': 'Hi, I am here!'}}
2022-06-10 09:17:38,599 INFO client.py Presence-сообщение отправлено на сервер 127.0.0.1.
2022-06-10 09:17:38,599 DEBUG client.py Разбор ответа от сервера: {'response': 200, 'time': 1654816658.5998027, 'alert': 'Ok, I see you!'}
2022-06-10 09:17:38,599 INFO client.py Статус ответа с сервера: 200
2022-06-10 09:17:38,599 INFO client.py Клиент User2 установил соединение с сервером.
2022-06-10 09:17:38,599 DEBUG client.py Запущены процессы приема и отправки сообщений.
2022-06-10 09:17:39,115 DEBUG client.py Сформировано presence-сообщение от пользователя User1: {'action': 'presence', 'time': 1654816659.1154199, 'type': 'status', 'user': {'account_name': 'User1', 'status': 'Hi, I am here!'}}
2022-06-10 09:17:39,115 INFO client.py Presence-сообщение отправлено на сервер 127.0.0.1.
2022-06-10 09:17:39,115 DEBUG client.py Разбор ответа от сервера: {'response': 200, 'time': 1654816659.1154199, 'alert': 'Ok, I see you!'}
2022-06-10 09:17:39,115 INFO client.py Статус ответа с сервера: 200
2022-06-10 09:17:39,115 INFO client.py Клиент User3 установил соединение с сервером.
2022-06-10 09:17:39,115 DEBUG client.py Разбор ответа от сервера: {'response': 200, 'time': 1654816659.1154199, 'alert': 'Ok, I see you!'}
2022-06-10 09:17:39,115 INFO client.py Статус ответа с сервера: 200
2022-06-10 09:17:39,115 INFO client.py Клиент User1 установил соединение с сервером.
2022-06-10 09:17:39,115 DEBUG client.py Запущены процессы приема и отправки сообщений.
2022-06-10 09:17:39,115 DEBUG client.py Запущены процессы приема и отправки сообщений.
2022-06-10 09:17:53,390 DEBUG client.py Сформирован словарь сообщения: {'action': 'message', 'from': 'User1', 'to': 'User2', 'time': 1654816673.390656, 'message_text': 'fasdf'}
2022-06-10 09:17:53,390 INFO client.py Отправлено сообщение для пользователя User2.
2022-06-10 09:17:53,484 INFO client.py Получено сообщение от пользователя User1:
fasdf
2022-06-10 09:18:06,963 INFO client.py Пользователь User1 завершил работу.
2022-06-10 09:18:07,353 CRITICAL client.py Потеряно соединение с сервером.
2022-06-10 09:18:44,318 INFO client.py Запущен клиент, сервер: 127.0.0.1, порт: 7777, пользователь: User1.
2022-06-10 09:18:44,318 DEBUG client.py Сформировано presence-сообщение от пользователя User1: {'action': 'presence', 'time': 1654816724.3185208, 'type': 'status', 'user': {'account_name': 'User1', 'status': 'Hi, I am here!'}}
2022-06-10 09:18:44,318 INFO client.py Presence-сообщение отправлено на сервер 127.0.0.1.
2022-06-10 09:18:44,318 INFO client.py Запущен клиент, сервер: 127.0.0.1, порт: 7777, пользователь: User2.
2022-06-10 09:18:44,318 INFO client.py Запущен клиент, сервер: 127.0.0.1, порт: 7777, пользователь: User3.
2022-06-10 09:18:44,318 DEBUG client.py Сформировано presence-сообщение от пользователя User2: {'action': 'presence', 'time': 1654816724.3185208, 'type': 'status', 'user': {'account_name': 'User2', 'status': 'Hi, I am here!'}}
2022-06-10 09:18:44,318 INFO client.py Presence-сообщение отправлено на сервер 127.0.0.1.
2022-06-10 09:18:44,318 DEBUG client.py Сформировано presence-сообщение от пользователя User3: {'action': 'presence', 'time': 1654816724.3185208, 'type': 'status', 'user': {'account_name': 'User3', 'status': 'Hi, I am here!'}}
2022-06-10 09:18:44,318 DEBUG client.py Разбор ответа от сервера: {'response': 200, 'time': 1654816724.3185208, 'alert': 'Ok, I see you!'}
2022-06-10 09:18:44,318 INFO client.py Presence-сообщение отправлено на сервер 127.0.0.1.
2022-06-10 09:18:44,318 INFO client.py Статус ответа с сервера: 200
2022-06-10 09:18:44,318 INFO client.py Клиент User1 установил соединение с сервером.
2022-06-10 09:18:44,318 DEBUG client.py Разбор ответа от сервера: {'response': 200, 'time': 1654816724.3185208, 'alert': 'Ok, I see you!'}
2022-06-10 09:18:44,318 INFO client.py Статус ответа с сервера: 200
2022-06-10 09:18:44,318 INFO client.py Клиент User2 установил соединение с сервером.
2022-06-10 09:18:44,318 DEBUG client.py Запущены процессы приема и отправки сообщений.
2022-06-10 09:18:44,318 DEBUG client.py Разбор ответа от сервера: {'response': 200, 'time': 1654816724.3185208, 'alert': 'Ok, I see you!'}
2022-06-10 09:18:44,318 INFO client.py Статус ответа с сервера: 200
2022-06-10 09:18:44,318 INFO client.py Клиент User3 установил соединение с сервером.
2022-06-10 09:18:44,318 DEBUG client.py Запущены процессы приема и отправки сообщений.
2022-06-10 09:18:44,318 DEBUG client.py Запущены процессы приема и отправки сообщений.
2022-06-10 09:18:58,344 DEBUG client.py Сформирован словарь сообщения: {'action': 'message', 'from': 'User2', 'to': 'User1', 'time': 1654816738.3449275, 'message_text': 'fas'}
2022-06-10 09:18:58,344 INFO client.py Отправлено сообщение для пользователя User1.
2022-06-10 09:18:58,719 INFO client.py Получено сообщение от пользователя User2:
fas
2022-06-10 09:19:01,874 INFO client.py Пользователь User2 завершил работу.
2022-06-10 09:19:02,306 CRITICAL client.py Потеряно соединение с сервером.
2022-08-11 00:29:19,610 INFO client.py Запущен клиент, сервер: 127.0.0.1, порт: 7777, пользователь: User2.
2022-08-11 00:29:19,610 INFO client.py Запущен клиент, сервер: 127.0.0.1, порт: 7777, пользователь: User1.
2022-08-11 00:29:19,611 DEBUG client.py Сформировано presence-сообщение от пользователя User2: {'action': 'presence', 'time': 1660141759.611553, 'type': 'status', 'user': {'account_name': 'User2', 'status': 'Hi, I am here!'}}
2022-08-11 00:29:19,611 DEBUG client.py Сформировано presence-сообщение от пользователя User1: {'action': 'presence', 'time': 1660141759.611553, 'type': 'status', 'user': {'account_name': 'User1', 'status': 'Hi, I am here!'}}
2022-08-11 00:29:19,611 INFO client.py Запущен клиент, сервер: 127.0.0.1, порт: 7777, пользователь: User3.
2022-08-11 00:29:19,612 DEBUG client.py Сформировано presence-сообщение от пользователя User3: {'action': 'presence', 'time': 1660141759.6125526, 'type': 'status', 'user': {'account_name': 'User3', 'status': 'Hi, I am here!'}}
2022-08-11 00:29:19,614 INFO client.py Presence-сообщение отправлено на сервер 127.0.0.1.
2022-08-11 00:29:19,623 INFO client.py Presence-сообщение отправлено на сервер 127.0.0.1.
2022-08-11 00:29:19,632 INFO client.py Presence-сообщение отправлено на сервер 127.0.0.1.
2022-08-11 00:29:19,669 DEBUG client.py Разбор ответа от сервера: {'response': 200, 'time': 1660141759.6594298, 'alert': 'Ok, I see you!'}
2022-08-11 00:29:19,670 INFO client.py Статус ответа с сервера: 200
2022-08-11 00:29:19,670 INFO client.py Клиент User2 установил соединение с сервером.
2022-08-11 00:29:19,720 DEBUG client.py Разбор ответа от сервера: {'response': 200, 'time': 1660141759.705385, 'alert': 'Ok, I see you!'}
2022-08-11 00:29:19,720 INFO client.py Статус ответа с сервера: 200
2022-08-11 00:29:19,721 INFO client.py Клиент User1 установил соединение с сервером.
2022-08-11 00:29:19,764 DEBUG client.py Разбор ответа от сервера: {'response': 200, 'time': 1660141759.7563303, 'alert': 'Ok, I see you!'}
2022-08-11 00:29:19,764 INFO client.py Статус ответа с сервера: 200
2022-08-11 00:29:19,764 INFO client.py Клиент User3 установил соединение с сервером.
2022-08-11 00:31:14,246 INFO client.py Запущен клиент, сервер: 127.0.0.1, порт: 7777, пользователь: User2.
2022-08-11 00:31:14,249 INFO client.py Запущен клиент, сервер: 127.0.0.1, порт: 7777, пользователь: User3.
2022-08-11 00:31:14,250 DEBUG client.py Сформировано presence-сообщение от пользователя User3: {'action': 'presence', 'time': 1660141874.2503633, 'type': 'status', 'user': {'account_name': 'User3', 'status': 'Hi, I am here!'}}
2022-08-11 00:31:14,250 INFO client.py Presence-сообщение отправлено на сервер 127.0.0.1.
2022-08-11 00:31:14,251 DEBUG client.py Разбор ответа от сервера: {'response': 200, 'time': 1660141874.251363, 'alert': 'Ok, I see you!'}
2022-08-11 00:31:14,251 INFO client.py Статус ответа с сервера: 200
2022-08-11 00:31:14,251 INFO client.py Клиент User3 установил соединение с сервером.
2022-08-11 00:31:14,258 INFO client.py Запущен клиент, сервер: 127.0.0.1, порт: 7777, пользователь: User1.
2022-08-11 00:31:14,259 DEBUG client.py Сформировано presence-сообщение от пользователя User1: {'action': 'presence', 'time': 1660141874.2593546, 'type': 'status', 'user': {'account_name': 'User1', 'status': 'Hi, I am here!'}}
2022-08-11 00:31:14,259 INFO client.py Presence-сообщение отправлено на сервер 127.0.0.1.
2022-08-11 00:31:14,761 DEBUG client.py Сформировано presence-сообщение от пользователя User2: {'action': 'presence', 'time': 1660141874.7616596, 'type': 'status', 'user': {'account_name': 'User2', 'status': 'Hi, I am here!'}}
2022-08-11 00:31:14,763 INFO client.py Presence-сообщение отправлено на сервер 127.0.0.1.
2022-08-11 00:31:14,764 DEBUG client.py Разбор ответа от сервера: {'response': 200, 'time': 1660141874.7627008, 'alert': 'Ok, I see you!'}
2022-08-11 00:31:14,764 INFO client.py Статус ответа с сервера: 200
2022-08-11 00:31:14,765 INFO client.py Клиент User1 установил соединение с сервером.
2022-08-11 00:31:14,766 DEBUG client.py Разбор ответа от сервера: {'response': 200, 'time': 1660141874.7656977, 'alert': 'Ok, I see you!'}
2022-08-11 00:31:14,767 INFO client.py Статус ответа с сервера: 200
2022-08-11 00:31:14,768 INFO client.py Клиент User2 установил соединение с сервером.
2022-08-11 00:32:10,929 INFO client.py Запущен клиент, сервер: 127.0.0.1, порт: 7777, пользователь: User2.
2022-08-11 00:32:10,936 INFO client.py Запущен клиент, сервер: 127.0.0.1, порт: 7777, пользователь: User3.
2022-08-11 00:32:10,939 INFO client.py Запущен клиент, сервер: 127.0.0.1, порт: 7777, пользователь: User1.
2022-08-11 00:32:11,439 DEBUG client.py Сформировано presence-сообщение от пользователя User2: {'action': 'presence', 'time': 1660141931.4399834, 'type': 'status', 'user': {'account_name': 'User2', 'status': 'Hi, I am here!'}}
2022-08-11 00:32:11,440 INFO client.py Presence-сообщение отправлено на сервер 127.0.0.1.
2022-08-11 00:32:11,440 INFO client.py Presence-сообщение отправлено на сервер 127.0.0.1.
2022-08-11 00:32:11,441 DEBUG client.py Разбор ответа от сервера: {'response': 200, 'time': 1660141931.4409835, 'alert': 'Ok, I see you!'}
2022-08-11 00:32:11,441 INFO client.py Статус ответа с сервера: 200
2022-08-11 00:32:11,441 INFO client.py Клиент User3 установил соединение с сервером.
2022-08-11 00:32:11,442 DEBUG client.py Разбор ответа от сервера: {'response': 200, 'time': 1660141931.4419818, 'alert': 'Ok, I see you!'}
2022-08-11 00:32:11,442 INFO client.py Статус ответа с сервера: 200
2022-08-11 00:32:11,442 INFO client.py Клиент User2 установил соединение с сервером.
2022-08-11 00:32:11,455 DEBUG client.py Сформировано presence-сообщение от пользователя User1: {'action': 'presence', 'time': 1660141931.4555295, 'type': 'status', 'user': {'account_name': 'User1', 'status': 'Hi, I am here!'}}
2022-08-11 00:32:11,456 INFO client.py Presence-сообщение отправлено на сервер 127.0.0.1.
2022-08-11 00:32:11,956 DEBUG client.py Разбор ответа от сервера: {'response': 200, 'time': 1660141931.9567492, 'alert': 'Ok, I see you!'}
2022-08-11 00:32:11,957 INFO client.py Статус ответа с сервера: 200
2022-08-11 00:32:11,958 INFO client.py Клиент User1 установил соединение с сервером.
2022-08-11 00:35:04,207 INFO client.py Запущен клиент, сервер: 127.0.0.1, порт: 7777, пользователь: User2.
2022-08-11 00:35:04,208 INFO client.py Запущен клиент, сервер: 127.0.0.1, порт: 7777, пользователь: User1.
2022-08-11 00:35:04,211 INFO client.py Запущен клиент, сервер: 127.0.0.1, порт: 7777, пользователь: User3.
2022-08-11 00:35:04,212 DEBUG client.py Сформировано presence-сообщение от пользователя User3: {'action': 'presence', 'time': 1660142104.2123408, 'type': 'status', 'user': {'account_name': 'User3', 'status': 'Hi, I am here!'}}
2022-08-11 00:35:04,212 INFO client.py Presence-сообщение отправлено на сервер 127.0.0.1.
2022-08-11 00:35:04,713 DEBUG client.py Сформировано presence-сообщение от пользователя User1: {'action': 'presence', 'time': 1660142104.7131932, 'type': 'status', 'user': {'account_name': 'User1', 'status': 'Hi, I am here!'}}
2022-08-11 00:35:04,713 DEBUG client.py Сформировано presence-сообщение от пользователя User2: {'action': 'presence', 'time': 1660142104.7131932, 'type': 'status', 'user': {'account_name': 'User2', 'status': 'Hi, I am here!'}}
2022-08-11 00:35:04,713 INFO client.py Presence-сообщение отправлено на сервер 127.0.0.1.
2022-08-11 00:35:04,714 DEBUG client.py Разбор ответа от сервера: {'response': 200, 'time': 1660142104.7131932, 'alert': 'Ok, I see you!'}
2022-08-11 00:35:04,714 INFO client.py Статус ответа с сервера: 200
2022-08-11 00:35:04,714 INFO client.py Клиент User3 установил соединение с сервером.
2022-08-11 00:35:04,715 DEBUG client.py Разбор ответа от сервера: {'response': 200, 'time': 1660142104.7151625, 'alert': 'Ok, I see you!'}
2022-08-11 00:35:04,715 INFO client.py Статус ответа с сервера: 200
2022-08-11 00:35:04,716 INFO client.py Клиент User2 установил соединение с сервером.
2022-08-11 00:35:04,716 DEBUG client.py Разбор ответа от сервера: {'response': 200, 'time': 1660142104.7161644, 'alert': 'Ok, I see you!'}
2022-08-11 00:35:04,716 INFO client.py Статус ответа с сервера: 200
2022-08-11 00:35:04,717 INFO client.py Клиент User1 установил соединение с сервером.
2022-08-11 00:39:52,281 INFO client.py Запущен клиент, сервер: 127.0.0.1, порт: 7777, пользователь: User1.
2022-08-11 00:39:52,282 DEBUG client.py Сформировано presence-сообщение от пользователя User1: {'action': 'presence', 'time': 1660142392.2823894, 'type': 'status', 'user': {'account_name': 'User1', 'status': 'Hi, I am here!'}}
2022-08-11 00:39:52,283 INFO client.py Presence-сообщение отправлено на сервер 127.0.0.1.
2022-08-11 00:39:52,284 INFO client.py Запущен клиент, сервер: 127.0.0.1, порт: 7777, пользователь: User2.
2022-08-11 00:39:52,285 DEBUG client.py Сформировано presence-сообщение от пользователя User2: {'action': 'presence', 'time': 1660142392.2853863, 'type': 'status', 'user': {'account_name': 'User2', 'status': 'Hi, I am here!'}}
2022-08-11 00:39:52,285 INFO client.py Presence-сообщение отправлено на сервер 127.0.0.1.
2022-08-11 00:39:52,286 DEBUG client.py Разбор ответа от сервера: {'response': 200, 'time': 1660142392.2853863, 'alert': 'Ok, I see you!'}
2022-08-11 00:39:52,286 INFO client.py Статус ответа с сервера: 200
2022-08-11 00:39:52,286 INFO client.py Клиент User1 установил соединение с сервером.
2022-08-11 00:39:52,293 INFO client.py Запущен клиент, сервер: 127.0.0.1, порт: 7777, пользователь: User3.
2022-08-11 00:39:52,293 DEBUG client.py Сформировано presence-сообщение от пользователя User3: {'action': 'presence', 'time': 1660142392.2933779, 'type': 'status', 'user': {'account_name': 'User3', 'status': 'Hi, I am here!'}}
2022-08-11 00:39:52,294 INFO client.py Presence-сообщение отправлено на сервер 127.0.0.1.
2022-08-11 00:39:52,294 DEBUG client.py Разбор ответа от сервера: {'response': 200, 'time': 1660142392.2943783, 'alert': 'Ok, I see you!'}
2022-08-11 00:39:52,294 INFO client.py Статус ответа с сервера: 200
2022-08-11 00:39:52,294 INFO client.py Клиент User2 установил соединение с сервером.
2022-08-11 00:39:52,800 DEBUG client.py Разбор ответа от сервера: {'response': 200, 'time': 1660142392.7998106, 'alert': 'Ok, I see you!'}
2022-08-11 00:39:52,800 INFO client.py Статус ответа с сервера: 200
2022-08-11 00:39:52,801 INFO client.py Клиент User3 установил соединение с сервером.
2022-08-11 00:44:17,713 INFO client.py Запущен клиент, сервер: 127.0.0.1, порт: 7777, пользователь: User2.
2022-08-11 00:44:17,714 DEBUG client.py Сформировано presence-сообщение от пользователя User2: {'action': 'presence', 'time': 1660142657.7145078, 'type': 'status', 'user': {'account_name': 'User2', 'status': 'Hi, I am here!'}}
2022-08-11 00:44:17,715 INFO client.py Presence-сообщение отправлено на сервер 127.0.0.1.
2022-08-11 00:44:17,716 INFO client.py Запущен клиент, сервер: 127.0.0.1, порт: 7777, пользователь: User3.
2022-08-11 00:44:17,717 DEBUG client.py Сформировано presence-сообщение от пользователя User3: {'action': 'presence', 'time': 1660142657.7175038, 'type': 'status', 'user': {'account_name': 'User3', 'status': 'Hi, I am here!'}}
2022-08-11 00:44:17,717 INFO client.py Presence-сообщение отправлено на сервер 127.0.0.1.
2022-08-11 00:44:17,717 INFO client.py Запущен клиент, сервер: 127.0.0.1, порт: 7777, пользователь: User1.
2022-08-11 00:44:17,718 DEBUG client.py Разбор ответа от сервера: {'response': 200, 'time': 1660142657.7175038, 'alert': 'Ok, I see you!'}
2022-08-11 00:44:17,718 INFO client.py Статус ответа с сервера: 200
2022-08-11 00:44:17,718 INFO client.py Клиент User2 установил соединение с сервером.
2022-08-11 00:44:17,718 DEBUG client.py Сформировано presence-сообщение от пользователя User1: {'action': 'presence', 'time': 1660142657.7185042, 'type': 'status', 'user': {'account_name': 'User1', 'status': 'Hi, I am here!'}}
2022-08-11 00:44:17,718 INFO client.py Presence-сообщение отправлено на сервер 127.0.0.1.
2022-08-11 00:44:17,719 DEBUG client.py Разбор ответа от сервера: {'response': 200, 'time': 1660142657.7185042, 'alert': 'Ok, I see you!'}
2022-08-11 00:44:17,719 INFO client.py Статус ответа с сервера: 200
2022-08-11 00:44:17,719 INFO client.py Клиент User3 установил соединение с сервером.
2022-08-11 00:44:18,221 DEBUG client.py Разбор ответа от сервера: {'response': 200, 'time': 1660142658.2209892, 'alert': 'Ok, I see you!'}
2022-08-11 00:44:18,221 INFO client.py Статус ответа с сервера: 200
2022-08-11 00:44:18,221 INFO client.py Клиент User1 установил соединение с сервером.
2022-08-11 01:15:27,151 INFO client.py Запущен клиент, сервер: 127.0.0.1, порт: 7777, пользователь: User2.
2022-08-11 01:15:27,162 INFO client.py Запущен клиент, сервер: 127.0.0.1, порт: 7777, пользователь: User3.
2022-08-11 01:15:27,167 INFO client.py Запущен клиент, сервер: 127.0.0.1, порт: 7777, пользователь: User1.
2022-08-11 01:15:27,168 DEBUG client.py Сформировано presence-сообщение от пользователя User1: {'action': 'presence', 'time': 1660144527.1687944, 'type': 'status', 'user': {'account_name': 'User1', 'status': 'Hi, I am here!'}}
2022-08-11 01:15:27,168 INFO client.py Presence-сообщение отправлено на сервер 127.0.0.1.
2022-08-11 01:15:27,659 DEBUG client.py Сформировано presence-сообщение от пользователя User2: {'action': 'presence', 'time': 1660144527.6593175, 'type': 'status', 'user': {'account_name': 'User2', 'status': 'Hi, I am here!'}}
2022-08-11 01:15:27,659 INFO client.py Presence-сообщение отправлено на сервер 127.0.0.1.
2022-08-11 01:15:27,660 DEBUG client.py Разбор ответа от сервера: {'response': 200, 'time': 1660144527.6602867, 'alert': 'Ok, I see you!'}
2022-08-11 01:15:27,660 INFO client.py Статус ответа с сервера: 200
2022-08-11 01:15:27,660 INFO client.py Клиент User1 установил соединение с сервером.
2022-08-11 01:15:27,662 DEBUG client.py Запущены процессы приема и отправки сообщений.
2022-08-11 01:15:27,675 DEBUG client.py Сформировано presence-сообщение от пользователя User3: {'action': 'presence', 'time': 1660144527.6754, 'type': 'status', 'user': {'account_name': 'User3', 'status': 'Hi, I am here!'}}
2022-08-11 01:15:27,675 INFO client.py Presence-сообщение отправлено на сервер 127.0.0.1.
2022-08-11 01:15:27,676 DEBUG client.py Разбор ответа от сервера: {'response': 200, 'time': 1660144527.6754, 'alert': 'Ok, I see you!'}
2022-08-11 01:15:27,676 INFO client.py Статус ответа с сервера: 200
2022-08-11 01:15:27,676 INFO client.py Клиент User2 установил соединение с сервером.
2022-08-11 01:15:27,677 DEBUG client.py Запущены процессы приема и отправки сообщений.
2022-08-11 01:15:28,189 DEBUG client.py Разбор ответа от сервера: {'response': 200, 'time': 1660144528.1897304, 'alert': 'Ok, I see you!'}
2022-08-11 01:15:28,190 INFO client.py Статус ответа с сервера: 200
2022-08-11 01:15:28,190 INFO client.py Клиент User3 установил соединение с сервером.
2022-08-11 01:15:28,191 DEBUG client.py Запущены процессы приема и отправки сообщений.
2022-08-11 01:15:49,816 DEBUG client.py Сформирован словарь сообщения: {'action': 'message', 'from': 'User3', 'to': 'User2', 'time': 1660144549.8162668, 'message_text': 'fasdffa'}
2022-08-11 01:15:49,817 INFO client.py Отправлено сообщение для пользователя User2.
2022-08-11 01:15:50,182 INFO client.py Получено сообщение от пользователя User3:
fasdffa
2022-08-11 01:16:24,967 INFO client.py Запущен клиент, сервер: 127.0.0.1, порт: 7777, пользователь: User3.
2022-08-11 01:16:24,969 DEBUG client.py Сформировано presence-сообщение от пользователя User3: {'action': 'presence', 'time': 1660144584.969435, 'type': 'status', 'user': {'account_name': 'User3', 'status': 'Hi, I am here!'}}
2022-08-11 01:16:24,969 INFO client.py Presence-сообщение отправлено на сервер 127.0.0.1.
2022-08-11 01:16:24,971 INFO client.py Запущен клиент, сервер: 127.0.0.1, порт: 7777, пользователь: User2.
2022-08-11 01:16:24,971 INFO client.py Запущен клиент, сервер: 127.0.0.1, порт: 7777, пользователь: User1.
2022-08-11 01:16:24,972 DEBUG client.py Сформировано presence-сообщение от пользователя User2: {'action': 'presence', 'time': 1660144584.9724321, 'type': 'status', 'user': {'account_name': 'User2', 'status': 'Hi, I am here!'}}
2022-08-11 01:16:24,972 DEBUG client.py Сформировано presence-сообщение от пользователя User1: {'action': 'presence', 'time': 1660144584.9724321, 'type': 'status', 'user': {'account_name': 'User1', 'status': 'Hi, I am here!'}}
2022-08-11 01:16:24,972 INFO client.py Presence-сообщение отправлено на сервер 127.0.0.1.
2022-08-11 01:16:24,972 INFO client.py Presence-сообщение отправлено на сервер 127.0.0.1.
2022-08-11 01:16:24,973 DEBUG client.py Разбор ответа от сервера: {'response': 200, 'time': 1660144584.9724321, 'alert': 'Ok, I see you!'}
2022-08-11 01:16:24,973 INFO client.py Статус ответа с сервера: 200
2022-08-11 01:16:24,973 INFO client.py Клиент User3 установил соединение с сервером.
2022-08-11 01:16:24,973 DEBUG client.py Разбор ответа от сервера: {'response': 200, 'time': 1660144584.973431, 'alert': 'Ok, I see you!'}
2022-08-11 01:16:24,973 INFO client.py Статус ответа с сервера: 200
2022-08-11 01:16:24,973 INFO client.py Клиент User2 установил соединение с сервером.
2022-08-11 01:16:24,974 DEBUG client.py Запущены процессы приема и отправки сообщений.
2022-08-11 01:16:24,974 DEBUG client.py Разбор ответа от сервера: {'response': 200, 'time': 1660144584.973431, 'alert': 'Ok, I see you!'}
2022-08-11 01:16:24,974 INFO client.py Статус ответа с сервера: 200
2022-08-11 01:16:24,974 INFO client.py Клиент User1 установил соединение с сервером.
2022-08-11 01:16:24,974 DEBUG client.py Запущены процессы приема и отправки сообщений.
2022-08-11 01:16:24,975 DEBUG client.py Запущены процессы приема и отправки сообщений.
2022-08-11 01:17:46,987 INFO client.py Запущен клиент, сервер: 127.0.0.1, порт: 7777, пользователь: User3.
2022-08-11 01:17:46,987 INFO client.py Запущен клиент, сервер: 127.0.0.1, порт: 7777, пользователь: User2.
2022-08-11 01:17:46,988 INFO client.py Запущен клиент, сервер: 127.0.0.1, порт: 7777, пользователь: User1.
2022-08-11 01:17:46,988 DEBUG client.py Сформировано presence-сообщение от пользователя User2: {'action': 'presence', 'time': 1660144666.9887457, 'type': 'status', 'user': {'account_name': 'User2', 'status': 'Hi, I am here!'}}
2022-08-11 01:17:46,988 DEBUG client.py Сформировано presence-сообщение от пользователя User3: {'action': 'presence', 'time': 1660144666.9887457, 'type': 'status', 'user': {'account_name': 'User3', 'status': 'Hi, I am here!'}}
2022-08-11 01:17:46,988 INFO client.py Presence-сообщение отправлено на сервер 127.0.0.1.
2022-08-11 01:17:46,988 INFO client.py Presence-сообщение отправлено на сервер 127.0.0.1.
2022-08-11 01:17:46,988 DEBUG client.py Сформировано presence-сообщение от пользователя User1: {'action': 'presence', 'time': 1660144666.9887457, 'type': 'status', 'user': {'account_name': 'User1', 'status': 'Hi, I am here!'}}
2022-08-11 01:17:46,989 INFO client.py Presence-сообщение отправлено на сервер 127.0.0.1.
2022-08-11 01:17:46,989 DEBUG client.py Разбор ответа от сервера: {'response': 200, 'time': 1660144666.9887457, 'alert': 'Ok, I see you!'}
2022-08-11 01:17:46,989 INFO client.py Статус ответа с сервера: 200
2022-08-11 01:17:46,989 INFO client.py Клиент User3 установил соединение с сервером.
2022-08-11 01:17:46,989 DEBUG client.py Разбор ответа от сервера: {'response': 200, 'time': 1660144666.989745, 'alert': 'Ok, I see you!'}
2022-08-11 01:17:46,989 INFO client.py Статус ответа с сервера: 200
2022-08-11 01:17:46,989 INFO client.py Клиент User2 установил соединение с сервером.
2022-08-11 01:17:46,990 DEBUG client.py Запущены процессы приема и отправки сообщений.
2022-08-11 01:17:46,990 DEBUG client.py Разбор ответа от сервера: {'response': 200, 'time': 1660144666.9907434, 'alert': 'Ok, I see you!'}
2022-08-11 01:17:46,990 INFO client.py Статус ответа с сервера: 200
2022-08-11 01:17:46,990 INFO client.py Клиент User1 установил соединение с сервером.
2022-08-11 01:17:46,990 DEBUG client.py Запущены процессы приема и отправки сообщений.
2022-08-11 01:17:46,991 DEBUG client.py Запущены процессы приема и отправки сообщений.
2022-08-11 01:18:07,009 DEBUG client.py Сформирован словарь сообщения: {'action': 'message', 'from': 'User1', 'to': 'User3', 'time': 1660144687.0090961, 'message_text': 'hello'}
2022-08-11 01:18:07,009 INFO client.py Отправлено сообщение для пользователя User3.
2022-08-11 01:18:07,406 INFO client.py Получено сообщение от пользователя User1:
hello
2022-08-11 01:18:24,904 DEBUG client.py Сформирован словарь сообщения: {'action': 'message', 'from': 'User3', 'to': 'User1', 'time': 1660144704.9048333, 'message_text': 'Hi'}
2022-08-11 01:18:24,904 INFO client.py Отправлено сообщение для пользователя User1.
2022-08-11 01:18:25,294 INFO client.py Получено сообщение от пользователя User3:
Hi
2022-08-11 01:18:30,928 INFO client.py Пользователь User1 завершил работу.
2022-08-11 01:18:34,673 INFO client.py Пользователь User3 завершил работу.
2022-08-11 01:18:37,873 INFO client.py Пользователь User2 завершил работу.
2022-08-11 01:19:40,265 INFO client.py Запущен клиент, сервер: 127.0.0.1, порт: 7777, пользователь: User3.
2022-08-11 01:19:40,266 DEBUG client.py Сформировано presence-сообщение от пользователя User3: {'action': 'presence', 'time': 1660144780.2666082, 'type': 'status', 'user': {'account_name': 'User3', 'status': 'Hi, I am here!'}}
2022-08-11 01:19:40,267 INFO client.py Presence-сообщение отправлено на сервер 127.0.0.1.
2022-08-11 01:19:40,270 INFO client.py Запущен клиент, сервер: 127.0.0.1, порт: 7777, пользователь: User2.
2022-08-11 01:19:40,272 DEBUG client.py Сформировано presence-сообщение от пользователя User2: {'action': 'presence', 'time': 1660144780.2726028, 'type': 'status', 'user': {'account_name': 'User2', 'status': 'Hi, I am here!'}}
2022-08-11 01:19:40,272 INFO client.py Presence-сообщение отправлено на сервер 127.0.0.1.
2022-08-11 01:19:40,273 INFO client.py Запущен клиент, сервер: 127.0.0.1, порт: 7777, пользователь: User1.
2022-08-11 01:19:40,273 DEBUG client.py Разбор ответа от сервера: {'response': 200, 'time': 1660144780.2736013, 'alert': 'Ok, I see you!'}
2022-08-11 01:19:40,273 INFO client.py Статус ответа с сервера: 200
2022-08-11 01:19:40,273 INFO client.py Клиент User3 установил соединение с сервером.
2022-08-11 01:19:40,274 DEBUG client.py Сформировано presence-сообщение от пользователя User1: {'action': 'presence', 'time': 1660144780.2746, 'type': 'status', 'user': {'account_name': 'User1', 'status': 'Hi, I am here!'}}
2022-08-11 01:19:40,274 DEBUG client.py Запущены процессы приема и отправки сообщений.
2022-08-11 01:19:40,274 INFO client.py Presence-сообщение отправлено на сервер 127.0.0.1.
2022-08-11 01:19:40,275 DEBUG client.py Разбор ответа от сервера: {'response': 200, 'time': 1660144780.2746, 'alert': 'Ok, I see you!'}
2022-08-11 01:19:40,275 INFO client.py Статус ответа с сервера: 200
2022-08-11 01:19:40,275 INFO client.py Клиент User2 установил соединение с сервером.
2022-08-11 01:19:40,276 DEBUG client.py Запущены процессы приема и отправки сообщений.
2022-08-11 01:19:40,783 DEBUG client.py Разбор ответа от сервера: {'response': 200, 'time': 1660144780.7831583, 'alert': 'Ok, I see you!'}
2022-08-11 01:19:40,784 INFO client.py Статус ответа с сервера: 200
2022-08-11 01:19:40,784 INFO client.py Клиент User1 установил соединение с сервером.
2022-08-11 01:19:40,787 DEBUG client.py Запущены процессы приема и отправки сообщений.
2022-08-11 01:19:50,984 DEBUG client.py Сформирован словарь сообщения: {'action': 'message', 'from': 'User2', 'to': 'User3', 'time': 1660144790.9847777, 'message_text': 'fdsaff'}
2022-08-11 01:19:50,984 INFO client.py Отправлено сообщение для пользователя User3.
2022-08-11 01:19:51,008 INFO client.py Получено сообщение от пользователя User2:
fdsaff
2022-08-11 01:23:35,377 INFO client.py Запущен клиент, сервер: 127.0.0.1, порт: 7777, пользователь: User3.
2022-08-11 01:23:35,378 DEBUG client.py Сформировано presence-сообщение от пользователя User3: {'action': 'presence', 'time': 1660145015.3784027, 'type': 'status', 'user': {'account_name': 'User3', 'status': 'Hi, I am here!'}}
2022-08-11 01:23:35,378 INFO client.py Presence-сообщение отправлено на сервер 127.0.0.1.
2022-08-11 01:23:35,378 INFO client.py Запущен клиент, сервер: 127.0.0.1, порт: 7777, пользователь: User2.
2022-08-11 01:23:35,379 INFO client.py Запущен клиент, сервер: 127.0.0.1, порт: 7777, пользователь: User1.
2022-08-11 01:23:35,379 DEBUG client.py Разбор ответа от сервера: {'response': 200, 'time': 1660145015.3784027, 'alert': 'Ok, I see you!'}
2022-08-11 01:23:35,379 INFO client.py Статус ответа с сервера: 200
2022-08-11 01:23:35,379 INFO client.py Клиент User3 установил соединение с сервером.
2022-08-11 01:23:35,379 DEBUG client.py Сформировано presence-сообщение от пользователя User2: {'action': 'presence', 'time': 1660145015.3794017, 'type': 'status', 'user': {'account_name': 'User2', 'status': 'Hi, I am here!'}}
2022-08-11 01:23:35,379 DEBUG client.py Сформировано presence-сообщение от пользователя User1: {'action': 'presence', 'time': 1660145015.3794017, 'type': 'status', 'user': {'account_name': 'User1', 'status': 'Hi, I am here!'}}
2022-08-11 01:23:35,380 INFO client.py Presence-сообщение отправлено на сервер 127.0.0.1.
2022-08-11 01:23:35,380 DEBUG client.py Запущены процессы приема и отправки сообщений.
2022-08-11 01:23:35,380 INFO client.py Presence-сообщение отправлено на сервер 127.0.0.1.
2022-08-11 01:23:35,883 DEBUG client.py Разбор ответа от сервера: {'response': 200, 'time': 1660145015.8828573, 'alert': 'Ok, I see you!'}
2022-08-11 01:23:35,883 INFO client.py Статус ответа с сервера: 200
2022-08-11 01:23:35,884 INFO client.py Клиент User2 установил соединение с сервером.
2022-08-11 01:23:35,885 DEBUG client.py Разбор ответа от сервера: {'response': 200, 'time': 1660145015.884832, 'alert': 'Ok, I see you!'}
2022-08-11 01:23:35,885 INFO client.py Статус ответа с сервера: 200
2022-08-11 01:23:35,885 INFO client.py Клиент User1 установил соединение с сервером.
2022-08-11 01:23:35,886 DEBUG client.py Запущены процессы приема и отправки сообщений.
2022-08-11 01:23:35,887 DEBUG client.py Запущены процессы приема и отправки сообщений.
2022-08-11 01:23:46,928 DEBUG client.py Сформирован словарь сообщения: {'action': 'message', 'from': 'User1', 'to': 'Uss', 'time': 1660145026.928852, 'message_text': 'sdfas'}
2022-08-11 01:23:46,928 INFO client.py Отправлено сообщение для пользователя Uss.
2022-08-11 01:24:01,520 DEBUG client.py Сформирован словарь сообщения: {'action': 'message', 'from': 'User1', 'to': 'User2', 'time': 1660145041.5208461, 'message_text': 'test'}
2022-08-11 01:24:01,521 INFO client.py Отправлено сообщение для пользователя User2.
2022-08-11 01:24:01,887 INFO client.py Получено сообщение от пользователя User1:
test
2022-08-11 01:24:08,777 INFO client.py Пользователь User1 завершил работу.
2022-08-11 01:24:09,063 CRITICAL client.py Потеряно соединение с сервером.
2022-08-11 01:24:38,569 DEBUG client.py Сформирован словарь сообщения: {'action': 'message', 'from': 'User3', 'to': 'User1', 'time': 1660145078.5690196, 'message_text': 'mess'}
2022-08-11 01:24:38,569 INFO client.py Отправлено сообщение для пользователя User1.
2022-08-11 01:28:22,952 INFO client.py Запущен клиент, сервер: 127.0.0.1, порт: 7777, пользователь: User1.
2022-08-11 01:28:22,961 INFO client.py Запущен клиент, сервер: 127.0.0.1, порт: 7777, пользователь: User2.
2022-08-11 01:28:22,968 INFO client.py Запущен клиент, сервер: 127.0.0.1, порт: 7777, пользователь: User3.
2022-08-11 01:28:22,969 DEBUG client.py Сформировано presence-сообщение от пользователя User3: {'action': 'presence', 'time': 1660145302.969097, 'type': 'status', 'user': {'account_name': 'User3', 'status': 'Hi, I am here!'}}
2022-08-11 01:28:22,969 INFO client.py Presence-сообщение отправлено на сервер 127.0.0.1.
2022-08-11 01:28:23,453 DEBUG client.py Сформировано presence-сообщение от пользователя User1: {'action': 'presence', 'time': 1660145303.453814, 'type': 'status', 'user': {'account_name': 'User1', 'status': 'Hi, I am here!'}}
2022-08-11 01:28:23,454 INFO client.py Presence-сообщение отправлено на сервер 127.0.0.1.
2022-08-11 01:28:23,456 DEBUG client.py Разбор ответа от сервера: {'response': 200, 'time': 1660145303.4558125, 'alert': 'Ok, I see you!'}
2022-08-11 01:28:23,456 INFO client.py Статус ответа с сервера: 200
2022-08-11 01:28:23,457 INFO client.py Клиент User3 установил соединение с сервером.
2022-08-11 01:28:23,459 DEBUG client.py Запущены процессы приема и отправки сообщений.
2022-08-11 01:28:23,468 DEBUG client.py Сформировано presence-сообщение от пользователя User2: {'action': 'presence', 'time': 1660145303.4688675, 'type': 'status', 'user': {'account_name': 'User2', 'status': 'Hi, I am here!'}}
2022-08-11 01:28:23,469 INFO client.py Presence-сообщение отправлено на сервер 127.0.0.1.
2022-08-11 01:28:23,470 DEBUG client.py Разбор ответа от сервера: {'response': 200, 'time': 1660145303.4698853, 'alert': 'Ok, I see you!'}
2022-08-11 01:28:23,470 INFO client.py Статус ответа с сервера: 200
2022-08-11 01:28:23,471 INFO client.py Клиент User1 установил соединение с сервером.
2022-08-11 01:28:23,473 DEBUG client.py Запущены процессы приема и отправки сообщений.
2022-08-11 01:28:23,983 DEBUG client.py Разбор ответа от сервера: {'response': 200, 'time': 1660145303.9830127, 'alert': 'Ok, I see you!'}
2022-08-11 01:28:23,983 INFO client.py Статус ответа с сервера: 200
2022-08-11 01:28:23,984 INFO client.py Клиент User2 установил соединение с сервером.
2022-08-11 01:28:23,987 DEBUG client.py Запущены процессы приема и отправки сообщений.
2022-08-11 01:28:33,625 DEBUG client.py Сформирован словарь сообщения: {'action': 'message', 'from': 'User3', 'to': 'User1', 'time': 1660145313.6250381, 'message_text': 'hi'}
2022-08-11 01:28:33,625 INFO client.py Отправлено сообщение для пользователя User1.
2022-08-11 01:28:33,677 INFO client.py Получено сообщение от пользователя User3:
hi
2022-08-11 01:28:41,561 INFO client.py Пользователь User3 завершил работу.
2022-08-11 01:28:41,838 CRITICAL client.py Потеряно соединение с сервером.
2022-08-11 01:28:45,042 INFO client.py Пользователь User2 завершил работу.
2022-08-11 01:28:45,421 CRITICAL client.py Потеряно соединение с сервером.
2022-08-11 01:28:49,113 INFO client.py Пользователь User1 завершил работу.
2022-08-11 01:28:49,505 CRITICAL client.py Потеряно соединение с сервером.
2022-08-12 01:49:58,495 INFO client.py Запущен клиент, сервер: 127.0.0.1, порт: 7777, пользователь: User3.
2022-08-12 01:49:58,495 INFO client.py Запущен клиент, сервер: 127.0.0.1, порт: 7777, пользователь: User2.
2022-08-12 01:49:58,497 INFO client.py Запущен клиент, сервер: 127.0.0.1, порт: 7777, пользователь: User1.
2022-08-12 01:50:00,537 CRITICAL client.py Не удалось подключиться к серверу 127.0.0.1:7777
2022-08-12 01:50:00,553 CRITICAL client.py Не удалось подключиться к серверу 127.0.0.1:7777
2022-08-12 01:50:13,385 INFO client.py Запущен клиент, сервер: 127.0.0.1, порт: 7777, пользователь: User2.
2022-08-12 01:50:13,394 INFO client.py Запущен клиент, сервер: 127.0.0.1, порт: 7777, пользователь: User1.
2022-08-12 01:50:13,398 INFO client.py Запущен клиент, сервер: 127.0.0.1, порт: 7777, пользователь: User3.
2022-08-12 01:50:15,425 CRITICAL client.py Не удалось подключиться к серверу 127.0.0.1:7777
2022-08-12 01:50:15,441 CRITICAL client.py Не удалось подключиться к серверу 127.0.0.1:7777
2022-08-12 01:50:15,441 CRITICAL client.py Не удалось подключиться к серверу 127.0.0.1:7777
2022-08-12 01:50:22,356 INFO client.py Запущен клиент, сервер: 127.0.0.1, порт: 7777, пользователь: User3.
2022-08-12 01:50:22,362 INFO client.py Запущен клиент, сервер: 127.0.0.1, порт: 7777, пользователь: User1.
2022-08-12 01:50:22,362 INFO client.py Запущен клиент, сервер: 127.0.0.1, порт: 7777, пользователь: User2.
2022-08-12 01:50:24,406 CRITICAL client.py Не удалось подключиться к серверу 127.0.0.1:7777
2022-08-12 01:52:58,001 INFO client.py Запущен клиент, сервер: 127.0.0.1, порт: 7777, пользователь: User2.
2022-08-12 01:52:58,002 INFO client.py Запущен клиент, сервер: 127.0.0.1, порт: 7777, пользователь: User1.
2022-08-12 01:52:58,009 INFO client.py Запущен клиент, сервер: 127.0.0.1, порт: 7777, пользователь: User3.
2022-08-12 01:53:00,058 CRITICAL client.py Не удалось подключиться к серверу 127.0.0.1:7777
2022-08-12 01:56:21,590 INFO client.py Запущен клиент, сервер: 127.0.0.1, порт: 7777, пользователь: User2.
2022-08-12 01:56:21,594 INFO client.py Запущен клиент, сервер: 127.0.0.1, порт: 7777, пользователь: User1.
2022-08-12 01:56:21,595 INFO client.py Запущен клиент, сервер: 127.0.0.1, порт: 7777, пользователь: User3.
2022-08-12 01:56:23,607 CRITICAL client.py Не удалось подключиться к серверу 127.0.0.1:7777
2022-08-12 01:56:23,637 CRITICAL client.py Не удалось подключиться к серверу 127.0.0.1:7777
2022-08-12 01:56:23,639 CRITICAL client.py Не удалось подключиться к серверу 127.0.0.1:7777
2022-08-12 01:57:31,204 INFO client.py Запущен клиент, сервер: 127.0.0.1, порт: 7777, пользователь: User3.
2022-08-12 01:57:31,207 INFO client.py Запущен клиент, сервер: 127.0.0.1, порт: 7777, пользователь: User2.
2022-08-12 01:57:33,246 CRITICAL client.py Не удалось подключиться к серверу 127.0.0.1:7777
2022-08-12 01:57:37,741 INFO client.py Запущен клиент, сервер: 127.0.0.1, порт: 7777, пользователь: User1.
2022-08-12 01:57:37,750 INFO client.py Запущен клиент, сервер: 127.0.0.1, порт: 7777, пользователь: User2.
2022-08-12 01:57:37,750 INFO client.py Запущен клиент, сервер: 127.0.0.1, порт: 7777, пользователь: User3.
2022-08-12 01:57:39,787 CRITICAL client.py Не удалось подключиться к серверу 127.0.0.1:7777
